{"/Users/elangovanc/Documents/testing/Atdnce/server/controllers/AdminController.js": {"path":"/Users/elangovanc/Documents/testing/Atdnce/server/controllers/AdminController.js","statementMap":{"0":{"start":{"line":1,"column":19},"end":{"line":1,"column":51}},"1":{"start":{"line":2,"column":24},"end":{"line":2,"column":61}},"2":{"start":{"line":3,"column":21},"end":{"line":3,"column":55}},"3":{"start":{"line":4,"column":18},"end":{"line":4,"column":49}},"4":{"start":{"line":5,"column":0},"end":{"line":5,"column":27}},"5":{"start":{"line":6,"column":20},"end":{"line":6,"column":45}},"6":{"start":{"line":7,"column":17},"end":{"line":7,"column":44}},"7":{"start":{"line":10,"column":17},"end":{"line":10,"column":37}},"8":{"start":{"line":11,"column":14},"end":{"line":11,"column":30}},"9":{"start":{"line":12,"column":11},"end":{"line":12,"column":24}},"10":{"start":{"line":13,"column":13},"end":{"line":13,"column":28}},"11":{"start":{"line":14,"column":21},"end":{"line":14,"column":55}},"12":{"start":{"line":15,"column":0},"end":{"line":15,"column":33}},"13":{"start":{"line":16,"column":23},"end":{"line":91,"column":1}},"14":{"start":{"line":18,"column":4},"end":{"line":89,"column":5}},"15":{"start":{"line":19,"column":60},"end":{"line":19,"column":68}},"16":{"start":{"line":21,"column":8},"end":{"line":26,"column":9}},"17":{"start":{"line":22,"column":12},"end":{"line":25,"column":15}},"18":{"start":{"line":27,"column":28},"end":{"line":27,"column":65}},"19":{"start":{"line":28,"column":8},"end":{"line":33,"column":9}},"20":{"start":{"line":29,"column":12},"end":{"line":32,"column":15}},"21":{"start":{"line":35,"column":25},"end":{"line":35,"column":49}},"22":{"start":{"line":38,"column":23},"end":{"line":38,"column":51}},"23":{"start":{"line":39,"column":23},"end":{"line":39,"column":51}},"24":{"start":{"line":40,"column":8},"end":{"line":40,"column":42}},"25":{"start":{"line":42,"column":24},"end":{"line":42,"column":53}},"26":{"start":{"line":43,"column":25},"end":{"line":43,"column":39}},"27":{"start":{"line":44,"column":8},"end":{"line":44,"column":52}},"28":{"start":{"line":45,"column":8},"end":{"line":45,"column":42}},"29":{"start":{"line":46,"column":8},"end":{"line":46,"column":39}},"30":{"start":{"line":48,"column":21},"end":{"line":57,"column":9}},"31":{"start":{"line":60,"column":25},"end":{"line":60,"column":52}},"32":{"start":{"line":61,"column":23},"end":{"line":61,"column":36}},"33":{"start":{"line":62,"column":8},"end":{"line":62,"column":36}},"34":{"start":{"line":63,"column":8},"end":{"line":63,"column":32}},"35":{"start":{"line":65,"column":8},"end":{"line":71,"column":9}},"36":{"start":{"line":66,"column":24},"end":{"line":66,"column":63}},"37":{"start":{"line":67,"column":12},"end":{"line":70,"column":15}},"38":{"start":{"line":72,"column":21},"end":{"line":74,"column":10}},"39":{"start":{"line":75,"column":8},"end":{"line":75,"column":26}},"40":{"start":{"line":77,"column":8},"end":{"line":81,"column":11}},"41":{"start":{"line":83,"column":8},"end":{"line":83,"column":57}},"42":{"start":{"line":85,"column":8},"end":{"line":88,"column":11}},"43":{"start":{"line":93,"column":19},"end":{"line":163,"column":1}},"44":{"start":{"line":94,"column":4},"end":{"line":162,"column":5}},"45":{"start":{"line":95,"column":40},"end":{"line":95,"column":48}},"46":{"start":{"line":97,"column":8},"end":{"line":102,"column":9}},"47":{"start":{"line":98,"column":12},"end":{"line":101,"column":15}},"48":{"start":{"line":105,"column":28},"end":{"line":105,"column":42}},"49":{"start":{"line":106,"column":8},"end":{"line":106,"column":41}},"50":{"start":{"line":107,"column":8},"end":{"line":107,"column":40}},"51":{"start":{"line":109,"column":32},"end":{"line":112,"column":10}},"52":{"start":{"line":114,"column":8},"end":{"line":119,"column":9}},"53":{"start":{"line":115,"column":12},"end":{"line":118,"column":15}},"54":{"start":{"line":121,"column":24},"end":{"line":124,"column":10}},"55":{"start":{"line":126,"column":8},"end":{"line":126,"column":29}},"56":{"start":{"line":128,"column":26},"end":{"line":128,"column":48}},"57":{"start":{"line":129,"column":8},"end":{"line":129,"column":31}},"58":{"start":{"line":132,"column":31},"end":{"line":144,"column":11}},"59":{"start":{"line":132,"column":57},"end":{"line":144,"column":10}},"60":{"start":{"line":147,"column":8},"end":{"line":149,"column":9}},"61":{"start":{"line":148,"column":12},"end":{"line":148,"column":29}},"62":{"start":{"line":150,"column":8},"end":{"line":150,"column":36}},"63":{"start":{"line":152,"column":8},"end":{"line":155,"column":11}},"64":{"start":{"line":157,"column":8},"end":{"line":157,"column":58}},"65":{"start":{"line":158,"column":8},"end":{"line":161,"column":11}},"66":{"start":{"line":165,"column":26},"end":{"line":199,"column":1}},"67":{"start":{"line":166,"column":4},"end":{"line":198,"column":5}},"68":{"start":{"line":167,"column":40},"end":{"line":167,"column":48}},"69":{"start":{"line":169,"column":8},"end":{"line":174,"column":9}},"70":{"start":{"line":170,"column":12},"end":{"line":173,"column":15}},"71":{"start":{"line":175,"column":8},"end":{"line":175,"column":39}},"72":{"start":{"line":177,"column":28},"end":{"line":177,"column":42}},"73":{"start":{"line":178,"column":8},"end":{"line":178,"column":41}},"74":{"start":{"line":179,"column":8},"end":{"line":179,"column":46}},"75":{"start":{"line":181,"column":31},"end":{"line":185,"column":10}},"76":{"start":{"line":187,"column":8},"end":{"line":191,"column":11}},"77":{"start":{"line":193,"column":8},"end":{"line":193,"column":68}},"78":{"start":{"line":194,"column":8},"end":{"line":197,"column":11}},"79":{"start":{"line":201,"column":20},"end":{"line":232,"column":1}},"80":{"start":{"line":202,"column":4},"end":{"line":231,"column":5}},"81":{"start":{"line":203,"column":32},"end":{"line":203,"column":40}},"82":{"start":{"line":205,"column":12},"end":{"line":210,"column":13}},"83":{"start":{"line":206,"column":16},"end":{"line":209,"column":19}},"84":{"start":{"line":211,"column":26},"end":{"line":211,"column":51}},"85":{"start":{"line":212,"column":24},"end":{"line":212,"column":45}},"86":{"start":{"line":214,"column":25},"end":{"line":219,"column":10}},"87":{"start":{"line":221,"column":8},"end":{"line":224,"column":11}},"88":{"start":{"line":226,"column":8},"end":{"line":226,"column":53}},"89":{"start":{"line":227,"column":8},"end":{"line":230,"column":11}},"90":{"start":{"line":235,"column":25},"end":{"line":284,"column":1}},"91":{"start":{"line":236,"column":4},"end":{"line":283,"column":5}},"92":{"start":{"line":237,"column":28},"end":{"line":237,"column":42}},"93":{"start":{"line":238,"column":8},"end":{"line":238,"column":41}},"94":{"start":{"line":240,"column":32},"end":{"line":243,"column":10}},"95":{"start":{"line":245,"column":8},"end":{"line":247,"column":9}},"96":{"start":{"line":246,"column":12},"end":{"line":246,"column":95}},"97":{"start":{"line":249,"column":24},"end":{"line":252,"column":10}},"98":{"start":{"line":254,"column":8},"end":{"line":254,"column":29}},"99":{"start":{"line":256,"column":26},"end":{"line":256,"column":48}},"100":{"start":{"line":259,"column":31},"end":{"line":269,"column":11}},"101":{"start":{"line":259,"column":57},"end":{"line":269,"column":10}},"102":{"start":{"line":272,"column":8},"end":{"line":274,"column":9}},"103":{"start":{"line":273,"column":12},"end":{"line":273,"column":29}},"104":{"start":{"line":276,"column":8},"end":{"line":279,"column":10}},"105":{"start":{"line":281,"column":8},"end":{"line":281,"column":58}},"106":{"start":{"line":282,"column":8},"end":{"line":282,"column":20}},"107":{"start":{"line":286,"column":22},"end":{"line":309,"column":1}},"108":{"start":{"line":287,"column":4},"end":{"line":308,"column":5}},"109":{"start":{"line":288,"column":28},"end":{"line":288,"column":42}},"110":{"start":{"line":289,"column":8},"end":{"line":289,"column":41}},"111":{"start":{"line":291,"column":32},"end":{"line":294,"column":10}},"112":{"start":{"line":296,"column":8},"end":{"line":299,"column":9}},"113":{"start":{"line":297,"column":12},"end":{"line":297,"column":71}},"114":{"start":{"line":301,"column":8},"end":{"line":304,"column":10}},"115":{"start":{"line":306,"column":8},"end":{"line":306,"column":61}},"116":{"start":{"line":307,"column":8},"end":{"line":307,"column":20}},"117":{"start":{"line":311,"column":23},"end":{"line":344,"column":1}},"118":{"start":{"line":312,"column":4},"end":{"line":343,"column":5}},"119":{"start":{"line":313,"column":52},"end":{"line":313,"column":60}},"120":{"start":{"line":315,"column":8},"end":{"line":320,"column":9}},"121":{"start":{"line":316,"column":12},"end":{"line":319,"column":15}},"122":{"start":{"line":322,"column":25},"end":{"line":322,"column":39}},"123":{"start":{"line":323,"column":23},"end":{"line":323,"column":35}},"124":{"start":{"line":325,"column":8},"end":{"line":331,"column":9}},"125":{"start":{"line":325,"column":21},"end":{"line":325,"column":29}},"126":{"start":{"line":326,"column":12},"end":{"line":330,"column":13}},"127":{"start":{"line":327,"column":16},"end":{"line":327,"column":57}},"128":{"start":{"line":328,"column":19},"end":{"line":330,"column":13}},"129":{"start":{"line":329,"column":16},"end":{"line":329,"column":54}},"130":{"start":{"line":333,"column":8},"end":{"line":336,"column":11}},"131":{"start":{"line":338,"column":8},"end":{"line":338,"column":62}},"132":{"start":{"line":339,"column":8},"end":{"line":342,"column":11}},"133":{"start":{"line":347,"column":0},"end":{"line":347,"column":121}}},"fnMap":{"0":{"name":"(anonymous_0)","decl":{"start":{"line":16,"column":23},"end":{"line":16,"column":24}},"loc":{"start":{"line":16,"column":41},"end":{"line":91,"column":1}},"line":16},"1":{"name":"(anonymous_1)","decl":{"start":{"line":93,"column":19},"end":{"line":93,"column":20}},"loc":{"start":{"line":93,"column":39},"end":{"line":163,"column":1}},"line":93},"2":{"name":"(anonymous_2)","decl":{"start":{"line":132,"column":45},"end":{"line":132,"column":46}},"loc":{"start":{"line":132,"column":57},"end":{"line":144,"column":10}},"line":132},"3":{"name":"(anonymous_3)","decl":{"start":{"line":165,"column":26},"end":{"line":165,"column":27}},"loc":{"start":{"line":165,"column":46},"end":{"line":199,"column":1}},"line":165},"4":{"name":"(anonymous_4)","decl":{"start":{"line":201,"column":20},"end":{"line":201,"column":21}},"loc":{"start":{"line":201,"column":40},"end":{"line":232,"column":1}},"line":201},"5":{"name":"(anonymous_5)","decl":{"start":{"line":235,"column":25},"end":{"line":235,"column":26}},"loc":{"start":{"line":235,"column":56},"end":{"line":284,"column":1}},"line":235},"6":{"name":"(anonymous_6)","decl":{"start":{"line":259,"column":45},"end":{"line":259,"column":46}},"loc":{"start":{"line":259,"column":57},"end":{"line":269,"column":10}},"line":259},"7":{"name":"(anonymous_7)","decl":{"start":{"line":286,"column":22},"end":{"line":286,"column":23}},"loc":{"start":{"line":286,"column":53},"end":{"line":309,"column":1}},"line":286},"8":{"name":"(anonymous_8)","decl":{"start":{"line":311,"column":23},"end":{"line":311,"column":24}},"loc":{"start":{"line":311,"column":43},"end":{"line":344,"column":1}},"line":311}},"branchMap":{"0":{"loc":{"start":{"line":21,"column":8},"end":{"line":26,"column":9}},"type":"if","locations":[{"start":{"line":21,"column":8},"end":{"line":26,"column":9}},{"start":{},"end":{}}],"line":21},"1":{"loc":{"start":{"line":21,"column":11},"end":{"line":21,"column":68}},"type":"binary-expr","locations":[{"start":{"line":21,"column":11},"end":{"line":21,"column":24}},{"start":{"line":21,"column":28},"end":{"line":21,"column":39}},{"start":{"line":21,"column":43},"end":{"line":21,"column":50}},{"start":{"line":21,"column":53},"end":{"line":21,"column":59}},{"start":{"line":21,"column":63},"end":{"line":21,"column":68}}],"line":21},"2":{"loc":{"start":{"line":28,"column":8},"end":{"line":33,"column":9}},"type":"if","locations":[{"start":{"line":28,"column":8},"end":{"line":33,"column":9}},{"start":{},"end":{}}],"line":28},"3":{"loc":{"start":{"line":65,"column":8},"end":{"line":71,"column":9}},"type":"if","locations":[{"start":{"line":65,"column":8},"end":{"line":71,"column":9}},{"start":{},"end":{}}],"line":65},"4":{"loc":{"start":{"line":66,"column":24},"end":{"line":66,"column":63}},"type":"binary-expr","locations":[{"start":{"line":66,"column":24},"end":{"line":66,"column":36}},{"start":{"line":66,"column":40},"end":{"line":66,"column":63}}],"line":66},"5":{"loc":{"start":{"line":97,"column":8},"end":{"line":102,"column":9}},"type":"if","locations":[{"start":{"line":97,"column":8},"end":{"line":102,"column":9}},{"start":{},"end":{}}],"line":97},"6":{"loc":{"start":{"line":97,"column":12},"end":{"line":97,"column":35}},"type":"binary-expr","locations":[{"start":{"line":97,"column":12},"end":{"line":97,"column":17}},{"start":{"line":97,"column":21},"end":{"line":97,"column":35}}],"line":97},"7":{"loc":{"start":{"line":114,"column":8},"end":{"line":119,"column":9}},"type":"if","locations":[{"start":{"line":114,"column":8},"end":{"line":119,"column":9}},{"start":{},"end":{}}],"line":114},"8":{"loc":{"start":{"line":169,"column":8},"end":{"line":174,"column":9}},"type":"if","locations":[{"start":{"line":169,"column":8},"end":{"line":174,"column":9}},{"start":{},"end":{}}],"line":169},"9":{"loc":{"start":{"line":169,"column":12},"end":{"line":169,"column":35}},"type":"binary-expr","locations":[{"start":{"line":169,"column":12},"end":{"line":169,"column":17}},{"start":{"line":169,"column":21},"end":{"line":169,"column":35}}],"line":169},"10":{"loc":{"start":{"line":205,"column":12},"end":{"line":210,"column":13}},"type":"if","locations":[{"start":{"line":205,"column":12},"end":{"line":210,"column":13}},{"start":{},"end":{}}],"line":205},"11":{"loc":{"start":{"line":205,"column":16},"end":{"line":205,"column":31}},"type":"binary-expr","locations":[{"start":{"line":205,"column":16},"end":{"line":205,"column":22}},{"start":{"line":205,"column":26},"end":{"line":205,"column":31}}],"line":205},"12":{"loc":{"start":{"line":245,"column":8},"end":{"line":247,"column":9}},"type":"if","locations":[{"start":{"line":245,"column":8},"end":{"line":247,"column":9}},{"start":{},"end":{}}],"line":245},"13":{"loc":{"start":{"line":296,"column":8},"end":{"line":299,"column":9}},"type":"if","locations":[{"start":{"line":296,"column":8},"end":{"line":299,"column":9}},{"start":{},"end":{}}],"line":296},"14":{"loc":{"start":{"line":315,"column":8},"end":{"line":320,"column":9}},"type":"if","locations":[{"start":{"line":315,"column":8},"end":{"line":320,"column":9}},{"start":{},"end":{}}],"line":315},"15":{"loc":{"start":{"line":315,"column":12},"end":{"line":315,"column":53}},"type":"binary-expr","locations":[{"start":{"line":315,"column":12},"end":{"line":315,"column":17}},{"start":{"line":315,"column":21},"end":{"line":315,"column":24}},{"start":{"line":315,"column":28},"end":{"line":315,"column":42}},{"start":{"line":315,"column":46},"end":{"line":315,"column":53}}],"line":315},"16":{"loc":{"start":{"line":326,"column":12},"end":{"line":330,"column":13}},"type":"if","locations":[{"start":{"line":326,"column":12},"end":{"line":330,"column":13}},{"start":{"line":328,"column":19},"end":{"line":330,"column":13}}],"line":326},"17":{"loc":{"start":{"line":328,"column":19},"end":{"line":330,"column":13}},"type":"if","locations":[{"start":{"line":328,"column":19},"end":{"line":330,"column":13}},{"start":{},"end":{}}],"line":328}},"s":{"0":1,"1":1,"2":1,"3":1,"4":1,"5":1,"6":1,"7":1,"8":1,"9":1,"10":1,"11":1,"12":1,"13":1,"14":3,"15":3,"16":3,"17":1,"18":2,"19":2,"20":1,"21":1,"22":1,"23":1,"24":1,"25":1,"26":1,"27":1,"28":1,"29":1,"30":1,"31":1,"32":1,"33":1,"34":1,"35":1,"36":0,"37":0,"38":1,"39":1,"40":1,"41":0,"42":0,"43":1,"44":3,"45":3,"46":3,"47":1,"48":2,"49":2,"50":2,"51":2,"52":2,"53":1,"54":1,"55":1,"56":1,"57":1,"58":1,"59":1,"60":1,"61":1,"62":1,"63":1,"64":0,"65":0,"66":1,"67":2,"68":2,"69":2,"70":1,"71":1,"72":1,"73":1,"74":1,"75":1,"76":1,"77":0,"78":0,"79":1,"80":2,"81":2,"82":2,"83":1,"84":1,"85":1,"86":1,"87":1,"88":0,"89":0,"90":1,"91":6,"92":6,"93":6,"94":6,"95":6,"96":0,"97":6,"98":6,"99":6,"100":6,"101":6,"102":6,"103":6,"104":6,"105":0,"106":0,"107":1,"108":6,"109":6,"110":6,"111":6,"112":6,"113":0,"114":6,"115":0,"116":0,"117":1,"118":3,"119":3,"120":3,"121":1,"122":2,"123":2,"124":2,"125":2,"126":12,"127":6,"128":6,"129":6,"130":2,"131":0,"132":0,"133":1},"f":{"0":3,"1":3,"2":1,"3":2,"4":2,"5":6,"6":6,"7":6,"8":3},"b":{"0":[1,2],"1":[3,2,2,2,2],"2":[1,1],"3":[0,1],"4":[0,0],"5":[1,2],"6":[3,2],"7":[1,1],"8":[1,1],"9":[2,1],"10":[1,1],"11":[2,1],"12":[0,6],"13":[0,6],"14":[1,2],"15":[3,2,2,2],"16":[6,6],"17":[6,0]},"_coverageSchema":"1a1c01bbd47fc00a2c39e90264f33305004495a9","hash":"115cca7e23373081c1a99fbf173e34465497c851"}
,"/Users/elangovanc/Documents/testing/Atdnce/server/controllers/UserController.js": {"path":"/Users/elangovanc/Documents/testing/Atdnce/server/controllers/UserController.js","statementMap":{"0":{"start":{"line":1,"column":24},"end":{"line":1,"column":61}},"1":{"start":{"line":2,"column":21},"end":{"line":2,"column":55}},"2":{"start":{"line":3,"column":18},"end":{"line":3,"column":49}},"3":{"start":{"line":4,"column":14},"end":{"line":4,"column":30}},"4":{"start":{"line":5,"column":17},"end":{"line":5,"column":37}},"5":{"start":{"line":6,"column":0},"end":{"line":6,"column":27}},"6":{"start":{"line":7,"column":20},"end":{"line":7,"column":45}},"7":{"start":{"line":8,"column":17},"end":{"line":8,"column":44}},"8":{"start":{"line":11,"column":13},"end":{"line":11,"column":28}},"9":{"start":{"line":12,"column":11},"end":{"line":12,"column":24}},"10":{"start":{"line":13,"column":22},"end":{"line":13,"column":40}},"11":{"start":{"line":16,"column":14},"end":{"line":41,"column":1}},"12":{"start":{"line":17,"column":29},"end":{"line":17,"column":37}},"13":{"start":{"line":19,"column":4},"end":{"line":24,"column":5}},"14":{"start":{"line":20,"column":8},"end":{"line":23,"column":11}},"15":{"start":{"line":25,"column":17},"end":{"line":25,"column":49}},"16":{"start":{"line":27,"column":4},"end":{"line":32,"column":5}},"17":{"start":{"line":28,"column":8},"end":{"line":31,"column":11}},"18":{"start":{"line":34,"column":4},"end":{"line":39,"column":5}},"19":{"start":{"line":35,"column":8},"end":{"line":38,"column":11}},"20":{"start":{"line":40,"column":4},"end":{"line":40,"column":52}},"21":{"start":{"line":43,"column":19},"end":{"line":72,"column":1}},"22":{"start":{"line":44,"column":19},"end":{"line":44,"column":48}},"23":{"start":{"line":45,"column":19},"end":{"line":45,"column":48}},"24":{"start":{"line":47,"column":26},"end":{"line":47,"column":35}},"25":{"start":{"line":48,"column":21},"end":{"line":48,"column":49}},"26":{"start":{"line":49,"column":4},"end":{"line":49,"column":39}},"27":{"start":{"line":51,"column":20},"end":{"line":51,"column":49}},"28":{"start":{"line":52,"column":21},"end":{"line":52,"column":35}},"29":{"start":{"line":53,"column":4},"end":{"line":53,"column":52}},"30":{"start":{"line":54,"column":4},"end":{"line":54,"column":39}},"31":{"start":{"line":56,"column":17},"end":{"line":65,"column":5}},"32":{"start":{"line":66,"column":21},"end":{"line":66,"column":48}},"33":{"start":{"line":67,"column":19},"end":{"line":67,"column":32}},"34":{"start":{"line":69,"column":4},"end":{"line":69,"column":28}},"35":{"start":{"line":71,"column":4},"end":{"line":71,"column":18}},"36":{"start":{"line":75,"column":20},"end":{"line":158,"column":1}},"37":{"start":{"line":76,"column":22},"end":{"line":76,"column":30}},"38":{"start":{"line":78,"column":4},"end":{"line":83,"column":5}},"39":{"start":{"line":79,"column":8},"end":{"line":82,"column":11}},"40":{"start":{"line":85,"column":4},"end":{"line":157,"column":5}},"41":{"start":{"line":86,"column":23},"end":{"line":86,"column":46}},"42":{"start":{"line":88,"column":8},"end":{"line":93,"column":9}},"43":{"start":{"line":89,"column":12},"end":{"line":92,"column":15}},"44":{"start":{"line":95,"column":31},"end":{"line":95,"column":33}},"45":{"start":{"line":96,"column":8},"end":{"line":104,"column":9}},"46":{"start":{"line":97,"column":12},"end":{"line":103,"column":13}},"47":{"start":{"line":98,"column":16},"end":{"line":98,"column":88}},"48":{"start":{"line":99,"column":16},"end":{"line":102,"column":17}},"49":{"start":{"line":100,"column":20},"end":{"line":100,"column":66}},"50":{"start":{"line":101,"column":20},"end":{"line":101,"column":26}},"51":{"start":{"line":106,"column":8},"end":{"line":111,"column":9}},"52":{"start":{"line":107,"column":12},"end":{"line":110,"column":15}},"53":{"start":{"line":113,"column":28},"end":{"line":113,"column":38}},"54":{"start":{"line":114,"column":8},"end":{"line":114,"column":41}},"55":{"start":{"line":115,"column":8},"end":{"line":115,"column":47}},"56":{"start":{"line":117,"column":24},"end":{"line":117,"column":73}},"57":{"start":{"line":118,"column":8},"end":{"line":123,"column":9}},"58":{"start":{"line":119,"column":12},"end":{"line":122,"column":15}},"59":{"start":{"line":125,"column":35},"end":{"line":125,"column":208}},"60":{"start":{"line":128,"column":8},"end":{"line":133,"column":9}},"61":{"start":{"line":129,"column":12},"end":{"line":132,"column":15}},"62":{"start":{"line":135,"column":28},"end":{"line":135,"column":37}},"63":{"start":{"line":136,"column":28},"end":{"line":136,"column":38}},"64":{"start":{"line":138,"column":8},"end":{"line":142,"column":10}},"65":{"start":{"line":144,"column":8},"end":{"line":150,"column":11}},"66":{"start":{"line":152,"column":8},"end":{"line":152,"column":58}},"67":{"start":{"line":153,"column":8},"end":{"line":156,"column":11}},"68":{"start":{"line":160,"column":0},"end":{"line":160,"column":48}}},"fnMap":{"0":{"name":"(anonymous_0)","decl":{"start":{"line":16,"column":14},"end":{"line":16,"column":15}},"loc":{"start":{"line":16,"column":32},"end":{"line":41,"column":1}},"line":16},"1":{"name":"(anonymous_1)","decl":{"start":{"line":43,"column":19},"end":{"line":43,"column":20}},"loc":{"start":{"line":43,"column":36},"end":{"line":72,"column":1}},"line":43},"2":{"name":"(anonymous_2)","decl":{"start":{"line":75,"column":20},"end":{"line":75,"column":21}},"loc":{"start":{"line":75,"column":40},"end":{"line":158,"column":1}},"line":75}},"branchMap":{"0":{"loc":{"start":{"line":19,"column":4},"end":{"line":24,"column":5}},"type":"if","locations":[{"start":{"line":19,"column":4},"end":{"line":24,"column":5}},{"start":{},"end":{}}],"line":19},"1":{"loc":{"start":{"line":19,"column":7},"end":{"line":19,"column":26}},"type":"binary-expr","locations":[{"start":{"line":19,"column":7},"end":{"line":19,"column":13}},{"start":{"line":19,"column":17},"end":{"line":19,"column":26}}],"line":19},"2":{"loc":{"start":{"line":27,"column":4},"end":{"line":32,"column":5}},"type":"if","locations":[{"start":{"line":27,"column":4},"end":{"line":32,"column":5}},{"start":{},"end":{}}],"line":27},"3":{"loc":{"start":{"line":34,"column":4},"end":{"line":39,"column":5}},"type":"if","locations":[{"start":{"line":34,"column":4},"end":{"line":39,"column":5}},{"start":{},"end":{}}],"line":34},"4":{"loc":{"start":{"line":78,"column":4},"end":{"line":83,"column":5}},"type":"if","locations":[{"start":{"line":78,"column":4},"end":{"line":83,"column":5}},{"start":{},"end":{}}],"line":78},"5":{"loc":{"start":{"line":88,"column":8},"end":{"line":93,"column":9}},"type":"if","locations":[{"start":{"line":88,"column":8},"end":{"line":93,"column":9}},{"start":{},"end":{}}],"line":88},"6":{"loc":{"start":{"line":88,"column":12},"end":{"line":88,"column":167}},"type":"binary-expr","locations":[{"start":{"line":88,"column":12},"end":{"line":88,"column":19}},{"start":{"line":88,"column":23},"end":{"line":88,"column":48}},{"start":{"line":88,"column":52},"end":{"line":88,"column":66}},{"start":{"line":88,"column":70},"end":{"line":88,"column":89}},{"start":{"line":88,"column":93},"end":{"line":88,"column":120}},{"start":{"line":88,"column":124},"end":{"line":88,"column":167}}],"line":88},"7":{"loc":{"start":{"line":97,"column":12},"end":{"line":103,"column":13}},"type":"if","locations":[{"start":{"line":97,"column":12},"end":{"line":103,"column":13}},{"start":{},"end":{}}],"line":97},"8":{"loc":{"start":{"line":97,"column":16},"end":{"line":97,"column":44}},"type":"binary-expr","locations":[{"start":{"line":97,"column":16},"end":{"line":97,"column":21}},{"start":{"line":97,"column":25},"end":{"line":97,"column":44}}],"line":97},"9":{"loc":{"start":{"line":99,"column":16},"end":{"line":102,"column":17}},"type":"if","locations":[{"start":{"line":99,"column":16},"end":{"line":102,"column":17}},{"start":{},"end":{}}],"line":99},"10":{"loc":{"start":{"line":100,"column":29},"end":{"line":100,"column":65}},"type":"cond-expr","locations":[{"start":{"line":100,"column":44},"end":{"line":100,"column":60}},{"start":{"line":100,"column":63},"end":{"line":100,"column":65}}],"line":100},"11":{"loc":{"start":{"line":106,"column":8},"end":{"line":111,"column":9}},"type":"if","locations":[{"start":{"line":106,"column":8},"end":{"line":111,"column":9}},{"start":{},"end":{}}],"line":106},"12":{"loc":{"start":{"line":118,"column":8},"end":{"line":123,"column":9}},"type":"if","locations":[{"start":{"line":118,"column":8},"end":{"line":123,"column":9}},{"start":{},"end":{}}],"line":118},"13":{"loc":{"start":{"line":125,"column":139},"end":{"line":125,"column":205}},"type":"cond-expr","locations":[{"start":{"line":125,"column":167},"end":{"line":125,"column":168}},{"start":{"line":125,"column":171},"end":{"line":125,"column":205}}],"line":125},"14":{"loc":{"start":{"line":125,"column":171},"end":{"line":125,"column":205}},"type":"cond-expr","locations":[{"start":{"line":125,"column":200},"end":{"line":125,"column":201}},{"start":{"line":125,"column":204},"end":{"line":125,"column":205}}],"line":125},"15":{"loc":{"start":{"line":128,"column":8},"end":{"line":133,"column":9}},"type":"if","locations":[{"start":{"line":128,"column":8},"end":{"line":133,"column":9}},{"start":{},"end":{}}],"line":128},"16":{"loc":{"start":{"line":128,"column":12},"end":{"line":128,"column":115}},"type":"binary-expr","locations":[{"start":{"line":128,"column":12},"end":{"line":128,"column":30}},{"start":{"line":128,"column":35},"end":{"line":128,"column":74}},{"start":{"line":128,"column":78},"end":{"line":128,"column":114}}],"line":128}},"s":{"0":1,"1":1,"2":1,"3":1,"4":1,"5":1,"6":1,"7":1,"8":1,"9":1,"10":1,"11":1,"12":0,"13":0,"14":0,"15":0,"16":0,"17":0,"18":0,"19":0,"20":0,"21":1,"22":5,"23":5,"24":5,"25":5,"26":5,"27":5,"28":5,"29":5,"30":5,"31":5,"32":5,"33":5,"34":5,"35":5,"36":1,"37":6,"38":6,"39":1,"40":5,"41":5,"42":5,"43":2,"44":3,"45":3,"46":3,"47":3,"48":3,"49":2,"50":2,"51":3,"52":1,"53":2,"54":2,"55":2,"56":2,"57":2,"58":1,"59":1,"60":1,"61":1,"62":0,"63":0,"64":0,"65":0,"66":0,"67":0,"68":1},"f":{"0":0,"1":5,"2":6},"b":{"0":[0,0],"1":[0,0],"2":[0,0],"3":[0,0],"4":[1,5],"5":[2,3],"6":[5,5,5,5,5,5],"7":[3,0],"8":[3,3],"9":[2,1],"10":[2,0],"11":[1,2],"12":[1,1],"13":[0,1],"14":[0,1],"15":[1,0],"16":[1,1,0]},"_coverageSchema":"1a1c01bbd47fc00a2c39e90264f33305004495a9","hash":"389faf540846478c8022a8162106bcb18b0a7b3b"}
,"/Users/elangovanc/Documents/testing/Atdnce/server/models/admin.model.js": {"path":"/Users/elangovanc/Documents/testing/Atdnce/server/models/admin.model.js","statementMap":{"0":{"start":{"line":1,"column":17},"end":{"line":1,"column":36}},"1":{"start":{"line":2,"column":20},"end":{"line":12,"column":2}},"2":{"start":{"line":14,"column":19},"end":{"line":14,"column":54}},"3":{"start":{"line":16,"column":0},"end":{"line":16,"column":28}}},"fnMap":{},"branchMap":{},"s":{"0":1,"1":1,"2":1,"3":1},"f":{},"b":{},"_coverageSchema":"1a1c01bbd47fc00a2c39e90264f33305004495a9","hash":"510ea1f1b3e3ab16d3a20cf63f8f6637593a2958"}
,"/Users/elangovanc/Documents/testing/Atdnce/server/models/attendance.model.js": {"path":"/Users/elangovanc/Documents/testing/Atdnce/server/models/attendance.model.js","statementMap":{"0":{"start":{"line":1,"column":17},"end":{"line":1,"column":36}},"1":{"start":{"line":2,"column":25},"end":{"line":39,"column":2}},"2":{"start":{"line":40,"column":24},"end":{"line":40,"column":70}},"3":{"start":{"line":41,"column":0},"end":{"line":41,"column":33}}},"fnMap":{},"branchMap":{},"s":{"0":2,"1":2,"2":2,"3":2},"f":{},"b":{},"_coverageSchema":"1a1c01bbd47fc00a2c39e90264f33305004495a9","hash":"451ccfe4912f7eff242f906c49574ff34d64e6d5"}
,"/Users/elangovanc/Documents/testing/Atdnce/server/models/session.model.js": {"path":"/Users/elangovanc/Documents/testing/Atdnce/server/models/session.model.js","statementMap":{"0":{"start":{"line":1,"column":17},"end":{"line":1,"column":36}},"1":{"start":{"line":2,"column":22},"end":{"line":11,"column":2}},"2":{"start":{"line":13,"column":0},"end":{"line":13,"column":58}}},"fnMap":{},"branchMap":{},"s":{"0":2,"1":2,"2":2},"f":{},"b":{},"_coverageSchema":"1a1c01bbd47fc00a2c39e90264f33305004495a9","hash":"b2396144d5aaf41e0ad372180e67a6531e768236"}
,"/Users/elangovanc/Documents/testing/Atdnce/server/models/user.model.js": {"path":"/Users/elangovanc/Documents/testing/Atdnce/server/models/user.model.js","statementMap":{"0":{"start":{"line":1,"column":17},"end":{"line":1,"column":36}},"1":{"start":{"line":2,"column":15},"end":{"line":2,"column":30}},"2":{"start":{"line":4,"column":19},"end":{"line":22,"column":2}},"3":{"start":{"line":24,"column":0},"end":{"line":24,"column":52}}},"fnMap":{},"branchMap":{},"s":{"0":2,"1":2,"2":2,"3":2},"f":{},"b":{},"_coverageSchema":"1a1c01bbd47fc00a2c39e90264f33305004495a9","hash":"f657e428c310c76dac80878b1d3b3f0a6e6b8f22"}
,"/Users/elangovanc/Documents/testing/Atdnce/server/tests/imgs.js": {"path":"/Users/elangovanc/Documents/testing/Atdnce/server/tests/imgs.js","statementMap":{"0":{"start":{"line":1,"column":14},"end":{"line":1,"column":8016}},"1":{"start":{"line":2,"column":15},"end":{"line":2,"column":33237}},"2":{"start":{"line":3,"column":14},"end":{"line":3,"column":94380}},"3":{"start":{"line":4,"column":16},"end":{"line":4,"column":33239}},"4":{"start":{"line":5,"column":0},"end":{"line":7,"column":1}}},"fnMap":{},"branchMap":{},"s":{"0":2,"1":2,"2":2,"3":2,"4":2},"f":{},"b":{},"_coverageSchema":"1a1c01bbd47fc00a2c39e90264f33305004495a9","hash":"ec4e91a74849220cddb10417a1e0585c2deafe08"}
}
