TN:
SF:controllers/AdminController.js
FN:16,(anonymous_0)
FN:93,(anonymous_1)
FN:132,(anonymous_2)
FN:165,(anonymous_3)
FN:201,(anonymous_4)
FN:235,(anonymous_5)
FN:259,(anonymous_6)
FN:286,(anonymous_7)
FN:311,(anonymous_8)
FNF:9
FNH:9
FNDA:3,(anonymous_0)
FNDA:3,(anonymous_1)
FNDA:1,(anonymous_2)
FNDA:2,(anonymous_3)
FNDA:2,(anonymous_4)
FNDA:6,(anonymous_5)
FNDA:6,(anonymous_6)
FNDA:6,(anonymous_7)
FNDA:3,(anonymous_8)
DA:1,1
DA:2,1
DA:3,1
DA:4,1
DA:5,1
DA:6,1
DA:7,1
DA:10,1
DA:11,1
DA:12,1
DA:13,1
DA:14,1
DA:15,1
DA:16,1
DA:18,3
DA:19,3
DA:21,3
DA:22,1
DA:27,2
DA:28,2
DA:29,1
DA:35,1
DA:38,1
DA:39,1
DA:40,1
DA:42,1
DA:43,1
DA:44,1
DA:45,1
DA:46,1
DA:48,1
DA:60,1
DA:61,1
DA:62,1
DA:63,1
DA:65,1
DA:66,0
DA:67,0
DA:72,1
DA:75,1
DA:77,1
DA:83,0
DA:85,0
DA:93,1
DA:94,3
DA:95,3
DA:97,3
DA:98,1
DA:105,2
DA:106,2
DA:107,2
DA:109,2
DA:114,2
DA:115,1
DA:121,1
DA:126,1
DA:128,1
DA:129,1
DA:132,1
DA:147,1
DA:148,1
DA:150,1
DA:152,1
DA:157,0
DA:158,0
DA:165,1
DA:166,2
DA:167,2
DA:169,2
DA:170,1
DA:175,1
DA:177,1
DA:178,1
DA:179,1
DA:181,1
DA:187,1
DA:193,0
DA:194,0
DA:201,1
DA:202,2
DA:203,2
DA:205,2
DA:206,1
DA:211,1
DA:212,1
DA:214,1
DA:221,1
DA:226,0
DA:227,0
DA:235,1
DA:236,6
DA:237,6
DA:238,6
DA:240,6
DA:245,6
DA:246,0
DA:249,6
DA:254,6
DA:256,6
DA:259,6
DA:272,6
DA:273,6
DA:276,6
DA:281,0
DA:282,0
DA:286,1
DA:287,6
DA:288,6
DA:289,6
DA:291,6
DA:296,6
DA:297,0
DA:301,6
DA:306,0
DA:307,0
DA:311,1
DA:312,3
DA:313,3
DA:315,3
DA:316,1
DA:322,2
DA:323,2
DA:325,2
DA:326,12
DA:327,6
DA:328,6
DA:329,6
DA:333,2
DA:338,0
DA:339,0
DA:347,1
LF:131
LH:113
BRDA:21,0,0,1
BRDA:21,0,1,2
BRDA:21,1,0,3
BRDA:21,1,1,2
BRDA:21,1,2,2
BRDA:21,1,3,2
BRDA:21,1,4,2
BRDA:28,2,0,1
BRDA:28,2,1,1
BRDA:65,3,0,0
BRDA:65,3,1,1
BRDA:66,4,0,0
BRDA:66,4,1,0
BRDA:97,5,0,1
BRDA:97,5,1,2
BRDA:97,6,0,3
BRDA:97,6,1,2
BRDA:114,7,0,1
BRDA:114,7,1,1
BRDA:169,8,0,1
BRDA:169,8,1,1
BRDA:169,9,0,2
BRDA:169,9,1,1
BRDA:205,10,0,1
BRDA:205,10,1,1
BRDA:205,11,0,2
BRDA:205,11,1,1
BRDA:245,12,0,0
BRDA:245,12,1,6
BRDA:296,13,0,0
BRDA:296,13,1,6
BRDA:315,14,0,1
BRDA:315,14,1,2
BRDA:315,15,0,3
BRDA:315,15,1,2
BRDA:315,15,2,2
BRDA:315,15,3,2
BRDA:326,16,0,6
BRDA:326,16,1,6
BRDA:328,17,0,6
BRDA:328,17,1,0
BRF:41
BRH:35
end_of_record
TN:
SF:controllers/UserController.js
FN:16,(anonymous_0)
FN:43,(anonymous_1)
FN:75,(anonymous_2)
FNF:3
FNH:2
FNDA:0,(anonymous_0)
FNDA:5,(anonymous_1)
FNDA:6,(anonymous_2)
DA:1,1
DA:2,1
DA:3,1
DA:4,1
DA:5,1
DA:6,1
DA:7,1
DA:8,1
DA:11,1
DA:12,1
DA:13,1
DA:16,1
DA:17,0
DA:19,0
DA:20,0
DA:25,0
DA:27,0
DA:28,0
DA:34,0
DA:35,0
DA:40,0
DA:43,1
DA:44,5
DA:45,5
DA:47,5
DA:48,5
DA:49,5
DA:51,5
DA:52,5
DA:53,5
DA:54,5
DA:56,5
DA:66,5
DA:67,5
DA:69,5
DA:71,5
DA:75,1
DA:76,6
DA:78,6
DA:79,1
DA:85,5
DA:86,5
DA:88,5
DA:89,2
DA:95,3
DA:96,3
DA:97,3
DA:98,3
DA:99,3
DA:100,2
DA:101,2
DA:106,3
DA:107,1
DA:113,2
DA:114,2
DA:115,2
DA:117,2
DA:118,2
DA:119,1
DA:125,1
DA:128,1
DA:129,1
DA:135,0
DA:136,0
DA:138,0
DA:144,0
DA:152,0
DA:153,0
DA:160,1
LF:69
LH:54
BRDA:19,0,0,0
BRDA:19,0,1,0
BRDA:19,1,0,0
BRDA:19,1,1,0
BRDA:27,2,0,0
BRDA:27,2,1,0
BRDA:34,3,0,0
BRDA:34,3,1,0
BRDA:78,4,0,1
BRDA:78,4,1,5
BRDA:88,5,0,2
BRDA:88,5,1,3
BRDA:88,6,0,5
BRDA:88,6,1,5
BRDA:88,6,2,5
BRDA:88,6,3,5
BRDA:88,6,4,5
BRDA:88,6,5,5
BRDA:97,7,0,3
BRDA:97,7,1,0
BRDA:97,8,0,3
BRDA:97,8,1,3
BRDA:99,9,0,2
BRDA:99,9,1,1
BRDA:100,10,0,2
BRDA:100,10,1,0
BRDA:106,11,0,1
BRDA:106,11,1,2
BRDA:118,12,0,1
BRDA:118,12,1,1
BRDA:125,13,0,0
BRDA:125,13,1,1
BRDA:125,14,0,0
BRDA:125,14,1,1
BRDA:128,15,0,1
BRDA:128,15,1,0
BRDA:128,16,0,1
BRDA:128,16,1,1
BRDA:128,16,2,0
BRF:39
BRH:25
end_of_record
TN:
SF:models/admin.model.js
FNF:0
FNH:0
DA:1,1
DA:2,1
DA:14,1
DA:16,1
LF:4
LH:4
BRF:0
BRH:0
end_of_record
TN:
SF:models/attendance.model.js
FNF:0
FNH:0
DA:1,2
DA:2,2
DA:40,2
DA:41,2
LF:4
LH:4
BRF:0
BRH:0
end_of_record
TN:
SF:models/session.model.js
FNF:0
FNH:0
DA:1,2
DA:2,2
DA:13,2
LF:3
LH:3
BRF:0
BRH:0
end_of_record
TN:
SF:models/user.model.js
FNF:0
FNH:0
DA:1,2
DA:2,2
DA:4,2
DA:24,2
LF:4
LH:4
BRF:0
BRH:0
end_of_record
TN:
SF:tests/imgs.js
FNF:0
FNH:0
DA:1,2
DA:2,2
DA:3,2
DA:4,2
DA:5,2
LF:5
LH:5
BRF:0
BRH:0
end_of_record
